<?xml version="1.0" encoding="UTF-8"?>
<testsuite name="retuss.UtilityJavaFXComponentTest" tests="6" skipped="0" failures="0" errors="0" timestamp="2017-10-04T12:30:17" hostname="DESKTOP-P8UMP5G" time="4.374">
  <properties/>
  <testcase name="ボタンリストに2つ存在するボタンの内1つ目をtrueにする" classname="retuss.UtilityJavaFXComponentTest" time="0.0"/>
  <testcase name="ボタンリストに1つ存在するボタンをtrueにする" classname="retuss.UtilityJavaFXComponentTest" time="0.0"/>
  <testcase name="ボタンリストに2つ存在するボタンの内1つ目をtrueにする" classname="retuss.UtilityJavaFXComponentTest" time="0.001"/>
  <testcase name="ボタンリストに1つ存在するボタンをtrueにする" classname="retuss.UtilityJavaFXComponentTest" time="0.0"/>
  <testcase name="ボタンリストに2つ存在するボタンの内1つ目をtrueにする" classname="retuss.UtilityJavaFXComponentTest" time="0.0"/>
  <testcase name="ボタンリストに1つ存在するボタンをtrueにする" classname="retuss.UtilityJavaFXComponentTest" time="0.0"/>
  <system-out><![CDATA[]]></system-out>
  <system-err><![CDATA[]]></system-err>
</testsuite>
